#
# There is insufficient memory for the Java Runtime Environment to continue.
# Native memory allocation (mmap) failed to map 130023424 bytes. Error detail: G1 virtual space
# Possible reasons:
#   The system is out of physical RAM or swap space
#   This process is running with CompressedOops enabled, and the Java Heap may be blocking the growth of the native heap
# Possible solutions:
#   Reduce memory load on the system
#   Increase physical memory or swap space
#   Check if swap backing store is full
#   Decrease Java heap size (-Xmx/-Xms)
#   Decrease number of Java threads
#   Decrease Java thread stack sizes (-Xss)
#   Set larger code cache with -XX:ReservedCodeCacheSize=
#   JVM is running with Unscaled Compressed Oops mode in which the Java heap is
#     placed in the first 4GB address space. The Java Heap base address is the
#     maximum limit for the native heap growth. Please use -XX:HeapBaseMinAddress
#     to set the Java Heap base and to place the Java Heap above 4GB virtual address.
# This output file may be truncated or incomplete.
#
#  Out of Memory Error (os_windows.cpp:3703), pid=15408, tid=33692
#
# JRE version:  (23.0.1+11) (build )
# Java VM: Java HotSpot(TM) 64-Bit Server VM (23.0.1+11-39, mixed mode, sharing, tiered, compressed oops, compressed class ptrs, g1 gc, windows-amd64)
# No core dump will be written. Minidumps are not enabled by default on client versions of Windows
#

---------------  S U M M A R Y ------------

Command Line: -Dfile.encoding=UTF-8 -Dstdout.encoding=UTF-8 -Dstderr.encoding=UTF-8 --module-path=D:\Skill Bout training\Level_3\My_Chat_App\bin -XX:+ShowCodeDetailsInExceptionMessages -Djdk.module.main=My_Chat_App My_Chat_App/Chat_App.Server

Host: 11th Gen Intel(R) Core(TM) i5-11400H @ 2.70GHz, 12 cores, 7G,  Windows 11 , 64 bit Build 26100 (10.0.26100.4768)
Time: Wed Aug 27 21:57:38 2025 India Standard Time elapsed time: 2.067134 seconds (0d 0h 0m 2s)

---------------  T H R E A D  ---------------

Current thread (0x00000223b7025ca0):  JavaThread "Unknown thread" [_thread_in_vm, id=33692, stack(0x000000bd39000000,0x000000bd39100000) (1024K)]

Stack: [0x000000bd39000000,0x000000bd39100000]
Native frames: (J=compiled Java code, j=interpreted, Vv=VM code, C=native code)
V  [jvm.dll+0x6e08b9]  (no source info available)
V  [jvm.dll+0x87dc83]  (no source info available)
V  [jvm.dll+0x88010e]  (no source info available)
V  [jvm.dll+0x8807e3]  (no source info available)
V  [jvm.dll+0x27aee6]  (no source info available)
V  [jvm.dll+0x6dd1c5]  (no source info available)
V  [jvm.dll+0x6d104a]  (no source info available)
V  [jvm.dll+0x35b3ea]  (no source info available)
V  [jvm.dll+0x3637f6]  (no source info available)
V  [jvm.dll+0x34fd5e]  (no source info available)
V  [jvm.dll+0x34fff8]  (no source info available)
V  [jvm.dll+0x3289cc]  (no source info available)
V  [jvm.dll+0x32966e]  (no source info available)
V  [jvm.dll+0x844355]  (no source info available)
V  [jvm.dll+0x3b9848]  (no source info available)
V  [jvm.dll+0x82d14c]  (no source info available)
V  [jvm.dll+0x454d4e]  (no source info available)
V  [jvm.dll+0x456bd1]  (no source info available)
C  [jli.dll+0x52a3]  (no source info available)
C  [ucrtbase.dll+0x37b0]  (no source info available)
C  [KERNEL32.DLL+0x2e8d7]  (no source info available)
C  [ntdll.dll+0x3c34c]  (no source info available)

Lock stack of current Java thread (top to bottom):


---------------  P R O C E S S  ---------------

Threads class SMR info:
_java_thread_list=0x00007ff8a3493618, length=0, elements={
}

Java Threads: ( => current thread )
Total: 0

Other Threads:
  0x00000223b94f1c00 WorkerThread "GC Thread#0"                     [id=26628, stack(0x000000bd39100000,0x000000bd39200000) (1024K)]
  0x00000223b9507780 ConcurrentGCThread "G1 Main Marker"            [id=5812, stack(0x000000bd39200000,0x000000bd39300000) (1024K)]
  0x00000223b95081a0 WorkerThread "G1 Conc#0"                       [id=31348, stack(0x000000bd39300000,0x000000bd39400000) (1024K)]

[error occurred during error reporting (printing all threads), id 0xc0000005, EXCEPTION_ACCESS_VIOLATION (0xc0000005) at pc=0x00007ff8a2bdbfba]
VM state: not at safepoint (not fully initialized)

VM Mutex/Monitor currently owned by a thread:  ([mutex/lock_event])
[0x00007ff8a3513a10] Heap_lock - owner thread: 0x00000223b7025ca0

Heap address: 0x0000000084400000, size: 1980 MB, Compressed Oops mode: 32-bit

CDS archive(s) mapped at: [0x0000000000000000-0x0000000000000000-0x0000000000000000), size 0, SharedBaseAddress: 0x0000000800000000, ArchiveRelocationMode: 1.
Narrow klass base: 0x0000000000000000, Narrow klass shift: 0, Narrow klass range: 0x0

GC Precious Log:
 CardTable entry size: 512
 Card Set container configuration: InlinePtr #cards 5 size 8 Array Of Cards #cards 10 size 36 Howl #buckets 4 coarsen threshold 1843 Howl Bitmap #cards 512 size 80 coarsen threshold 460 Card regions per heap region 1 cards per card region 2048

Heap:
 garbage-first heap   total reserved 2027520K, committed 0K, used 0K [0x0000000084400000, 0x0000000100000000)
  region size 1024K, 0 young (0K), 0 survivors (0K)

[error occurred during error reporting (printing heap information), id 0xc0000005, EXCEPTION_ACCESS_VIOLATION (0xc0000005) at pc=0x00007ff8a2fdc3c9]
GC Heap History (0 events):
No events

Dll operation events (1 events):
Event: 0.028 Loaded shared library C:\Program Files\Java\jdk-23\bin\java.dll

Deoptimization events (0 events):
No events

Classes loaded (0 events):
No events

Classes unloaded (0 events):
No events

Classes redefined (0 events):
No events

Internal exceptions (0 events):
No events

VM Operations (0 events):
No events

Memory protections (0 events):
No events

Nmethod flushes (0 events):
No events

Events (0 events):
No events


Dynamic libraries:
0x00007ff688160000 - 0x00007ff688170000 	C:\Program Files\Java\jdk-23\bin\javaw.exe
0x00007ff8fbaa0000 - 0x00007ff8fbd07000 	C:\WINDOWS\SYSTEM32\ntdll.dll
0x00007ff8facb0000 - 0x00007ff8fad79000 	C:\WINDOWS\System32\KERNEL32.DLL
0x00007ff8f8bd0000 - 0x00007ff8f8fc0000 	C:\WINDOWS\System32\KERNELBASE.dll
0x00007ff8f96e0000 - 0x00007ff8f982b000 	C:\WINDOWS\System32\ucrtbase.dll
0x00007ff8e3990000 - 0x00007ff8e39a7000 	C:\Program Files\Java\jdk-23\bin\jli.dll
0x00007ff8ebf70000 - 0x00007ff8ebf8b000 	C:\Program Files\Java\jdk-23\bin\VCRUNTIME140.dll
0x00007ff8fb7d0000 - 0x00007ff8fb995000 	C:\WINDOWS\System32\USER32.dll
0x00007ff8f92a0000 - 0x00007ff8f92c7000 	C:\WINDOWS\System32\win32u.dll
0x00007ff8df550000 - 0x00007ff8df7ea000 	C:\WINDOWS\WinSxS\amd64_microsoft.windows.common-controls_6595b64144ccf1df_6.0.26100.4768_none_3e0c112ce331287c\COMCTL32.dll
0x00007ff8fb470000 - 0x00007ff8fb519000 	C:\WINDOWS\System32\msvcrt.dll
0x00007ff8fa150000 - 0x00007ff8fa17b000 	C:\WINDOWS\System32\GDI32.dll
0x00007ff8f9450000 - 0x00007ff8f9588000 	C:\WINDOWS\System32\gdi32full.dll
0x00007ff8f8fd0000 - 0x00007ff8f9073000 	C:\WINDOWS\System32\msvcp_win.dll
0x00007ff8fa100000 - 0x00007ff8fa12f000 	C:\WINDOWS\System32\IMM32.DLL
0x00007ff8f12e0000 - 0x00007ff8f12ec000 	C:\Program Files\Java\jdk-23\bin\vcruntime140_1.dll
0x00007ff8cf640000 - 0x00007ff8cf6ce000 	C:\Program Files\Java\jdk-23\bin\msvcp140.dll
0x00007ff8a28a0000 - 0x00007ff8a35ef000 	C:\Program Files\Java\jdk-23\bin\server\jvm.dll
0x00007ff8fb3b0000 - 0x00007ff8fb464000 	C:\WINDOWS\System32\ADVAPI32.dll
0x00007ff8fabf0000 - 0x00007ff8fac96000 	C:\WINDOWS\System32\sechost.dll
0x00007ff8fb520000 - 0x00007ff8fb638000 	C:\WINDOWS\System32\RPCRT4.dll
0x00007ff8fb750000 - 0x00007ff8fb7c4000 	C:\WINDOWS\System32\WS2_32.dll
0x00007ff8ec000000 - 0x00007ff8ec035000 	C:\WINDOWS\SYSTEM32\WINMM.dll
0x00007ff8f77d0000 - 0x00007ff8f782e000 	C:\WINDOWS\SYSTEM32\POWRPROF.dll
0x00007ff8ef100000 - 0x00007ff8ef10b000 	C:\WINDOWS\SYSTEM32\VERSION.dll
0x00007ff8f77b0000 - 0x00007ff8f77c4000 	C:\WINDOWS\SYSTEM32\UMPDC.dll
0x00007ff8f7a70000 - 0x00007ff8f7a8b000 	C:\WINDOWS\SYSTEM32\kernel.appcore.dll
0x00007ff8f11f0000 - 0x00007ff8f11fa000 	C:\Program Files\Java\jdk-23\bin\jimage.dll
0x00007ff8f6080000 - 0x00007ff8f62c1000 	C:\WINDOWS\SYSTEM32\DBGHELP.DLL
0x00007ff8fae10000 - 0x00007ff8fb195000 	C:\WINDOWS\System32\combase.dll
0x00007ff8fb1a0000 - 0x00007ff8fb280000 	C:\WINDOWS\System32\OLEAUT32.dll
0x00007ff8c9880000 - 0x00007ff8c98c3000 	C:\WINDOWS\SYSTEM32\dbgcore.DLL
0x00007ff8f9080000 - 0x00007ff8f9119000 	C:\WINDOWS\System32\bcryptPrimitives.dll
0x00007ff8e3970000 - 0x00007ff8e398e000 	C:\Program Files\Java\jdk-23\bin\java.dll
0x00007ff8faa40000 - 0x00007ff8fabe0000 	C:\WINDOWS\System32\ole32.dll
0x00007ff8fa2f0000 - 0x00007ff8faa3d000 	C:\WINDOWS\System32\SHELL32.dll
0x00007ff8f92d0000 - 0x00007ff8f9443000 	C:\WINDOWS\System32\wintypes.dll

dbghelp: loaded successfully - version: 4.0.5 - missing functions: none
symbol engine: initialized successfully - sym options: 0x614 - pdb path: .;C:\Program Files\Java\jdk-23\bin;C:\WINDOWS\SYSTEM32;C:\WINDOWS\WinSxS\amd64_microsoft.windows.common-controls_6595b64144ccf1df_6.0.26100.4768_none_3e0c112ce331287c;C:\Program Files\Java\jdk-23\bin\server

VM Arguments:
jvm_args: -Dfile.encoding=UTF-8 -Dstdout.encoding=UTF-8 -Dstderr.encoding=UTF-8 --module-path=D:\Skill Bout training\Level_3\My_Chat_App\bin -XX:+ShowCodeDetailsInExceptionMessages -Djdk.module.main=My_Chat_App 
java_command: My_Chat_App/Chat_App.Server
java_class_path (initial): <not set>
Launcher Type: SUN_STANDARD

[Global flags]
     intx CICompilerCount                          = 4                                         {product} {ergonomic}
     uint ConcGCThreads                            = 3                                         {product} {ergonomic}
     uint G1ConcRefinementThreads                  = 10                                        {product} {ergonomic}
   size_t G1HeapRegionSize                         = 1048576                                   {product} {ergonomic}
   size_t InitialHeapSize                          = 130023424                                 {product} {ergonomic}
   size_t MarkStackSize                            = 4194304                                   {product} {ergonomic}
   size_t MarkStackSizeMax                         = 536870912                                 {product} {ergonomic}
   size_t MaxHeapSize                              = 2076180480                                {product} {ergonomic}
   size_t MinHeapDeltaBytes                        = 1048576                                   {product} {ergonomic}
   size_t MinHeapSize                              = 8388608                                   {product} {ergonomic}
    uintx NonNMethodCodeHeapSize                   = 5832704                                {pd product} {ergonomic}
    uintx NonProfiledCodeHeapSize                  = 122945536                              {pd product} {ergonomic}
    uintx ProfiledCodeHeapSize                     = 122880000                              {pd product} {ergonomic}
    uintx ReservedCodeCacheSize                    = 251658240                              {pd product} {ergonomic}
     bool SegmentedCodeCache                       = true                                      {product} {ergonomic}
     bool ShowCodeDetailsInExceptionMessages       = true                                   {manageable} {command line}
   size_t SoftMaxHeapSize                          = 2076180480                             {manageable} {ergonomic}
     bool UseCompressedOops                        = true                           {product lp64_product} {ergonomic}
     bool UseG1GC                                  = true                                      {product} {ergonomic}
     bool UseLargePagesIndividualAllocation        = false                                  {pd product} {ergonomic}

Logging:
Log output configuration:
 #0: stdout all=warning uptime,level,tags foldmultilines=false
 #1: stderr all=off uptime,level,tags foldmultilines=false

Environment Variables:
PATH=C:\Program Files\Common Files\Oracle\Java\javapath;C:\Windows\system32;C:\Windows;C:\Windows\System32\Wbem;C:\Windows\System32\WindowsPowerShell\v1.0\;C:\Windows\System32\OpenSSH\;C:\Program Files (x86)\NVIDIA Corporation\PhysX\Common;C:\Program Files\NVIDIA Corporation\NVIDIA NvDLISR;C:\MinGW\bin;C:\Program Files\dotnet\;C:\xampp\php;C:\ProgramData\ComposerSetup\bin;C:\WINDOWS\system32;C:\WINDOWS;C:\WINDOWS\System32\Wbem;C:\WINDOWS\System32\WindowsPowerShell\v1.0\;C:\WINDOWS\System32\OpenSSH\;C:\Program Files\Git\cmd;D:\;C:\Users\cheth\AppData\Local\Programs\Python\Python312\Scripts\;C:\Users\cheth\AppData\Local\Programs\Python\Python312\;C:\Users\cheth\AppData\Local\Programs\Python\Launcher\;C:\Users\cheth\AppData\Local\Microsoft\WindowsApps;C:\MinGW\bin;C:\Users\cheth\AppData\Local\Programs\Microsoft VS Code\bin;C:\Users\cheth\AppData\Local\Programs\MiKTeX\miktex\bin\x64\;C:\Users\cheth\AppData\Roaming\Composer\vendor\bin;C:\Users\cheth\AppData\Roaming\npm;C:\Program Files\sf\bin
USERNAME=cheth
OS=Windows_NT
PROCESSOR_IDENTIFIER=Intel64 Family 6 Model 141 Stepping 1, GenuineIntel
TMP=C:\Users\cheth\AppData\Local\Temp
TEMP=C:\Users\cheth\AppData\Local\Temp




Periodic native trim disabled

---------------  S Y S T E M  ---------------

OS:
 Windows 11 , 64 bit Build 26100 (10.0.26100.4768)
OS uptime: 4 days 23:11 hours

CPU: total 12 (initial active 12) (6 cores per cpu, 2 threads per core) family 6 model 141 stepping 1 microcode 0x50, cx8, cmov, fxsr, ht, mmx, 3dnowpref, sse, sse2, sse3, ssse3, sse4.1, sse4.2, popcnt, lzcnt, tsc, tscinvbit, avx, avx2, aes, erms, clmul, bmi1, bmi2, adx, avx512f, avx512dq, avx512cd, avx512bw, avx512vl, sha, fma, vzeroupper, avx512_vpopcntdq, avx512_vpclmulqdq, avx512_vaes, avx512_vnni, clflush, clflushopt, clwb, avx512_vbmi2, avx512_vbmi, rdtscp, rdpid, fsrm, gfni, avx512_bitalg, f16c, pku, cet_ibt, cet_ss, avx512_ifma
Processor Information for processor 0
  Max Mhz: 2688, Current Mhz: 2688, Mhz Limit: 2688
Processor Information for processor 1
  Max Mhz: 2688, Current Mhz: 2688, Mhz Limit: 2688
Processor Information for processor 2
  Max Mhz: 2688, Current Mhz: 2688, Mhz Limit: 2688
Processor Information for processor 3
  Max Mhz: 2688, Current Mhz: 995, Mhz Limit: 2688
Processor Information for processor 4
  Max Mhz: 2688, Current Mhz: 995, Mhz Limit: 2688
Processor Information for processor 5
  Max Mhz: 2688, Current Mhz: 2688, Mhz Limit: 2688
Processor Information for processor 6
  Max Mhz: 2688, Current Mhz: 995, Mhz Limit: 2688
Processor Information for processor 7
  Max Mhz: 2688, Current Mhz: 995, Mhz Limit: 2688
Processor Information for processor 8
  Max Mhz: 2688, Current Mhz: 2688, Mhz Limit: 2688
Processor Information for processor 9
  Max Mhz: 2688, Current Mhz: 995, Mhz Limit: 2688
Processor Information for processor 10
  Max Mhz: 2688, Current Mhz: 995, Mhz Limit: 2688
Processor Information for processor 11
  Max Mhz: 2688, Current Mhz: 995, Mhz Limit: 2688

Memory: 4k page, system-wide physical 7914M (643M free)
TotalPageFile size 32490M (AvailPageFile size 121M)
current process WorkingSet (physical memory assigned to process): 13M, peak: 13M
current process commit charge ("private bytes"): 65M, peak: 188M

vm_info: Java HotSpot(TM) 64-Bit Server VM (23.0.1+11-39) for windows-amd64 JRE (23.0.1+11-39), built on 2024-09-30T07:20:43Z with MS VC++ 17.6 (VS2022)

END.
